There are 31 section headers, starting at offset 0x3690:

Section Headers:
  [Nr] Name              Type             Address           Offset
       Size              EntSize          Flags  Link  Info  Align
  [ 0]                   NULL             0000000000000000  00000000
       0000000000000000  0000000000000000           0     0     0
  [ 1] .interp           PROGBITS         0000000000000318  00000318
       000000000000001c  0000000000000000   A       0     0     1
  [ 2] .note.gnu.pr[...] NOTE             0000000000000338  00000338
       0000000000000020  0000000000000000   A       0     0     8
  [ 3] .note.gnu.bu[...] NOTE             0000000000000358  00000358
       0000000000000024  0000000000000000   A       0     0     4
  [ 4] .note.ABI-tag     NOTE             000000000000037c  0000037c
       0000000000000020  0000000000000000   A       0     0     4
  [ 5] .gnu.hash         GNU_HASH         00000000000003a0  000003a0
       0000000000000024  0000000000000000   A       6     0     8
  [ 6] .dynsym           DYNSYM           00000000000003c8  000003c8
       00000000000000a8  0000000000000018   A       7     1     8
  [ 7] .dynstr           STRTAB           0000000000000470  00000470
       000000000000008d  0000000000000000   A       0     0     1
  [ 8] .gnu.version      VERSYM           00000000000004fe  000004fe
       000000000000000e  0000000000000002   A       6     0     2
  [ 9] .gnu.version_r    VERNEED          0000000000000510  00000510
       0000000000000030  0000000000000000   A       7     1     8
  [10] .rela.dyn         RELA             0000000000000540  00000540
       00000000000000c0  0000000000000018   A       6     0     8
  [11] .rela.plt         RELA             0000000000000600  00000600
       0000000000000018  0000000000000018  AI       6    24     8
  [12] .init             PROGBITS         0000000000001000  00001000
       0000000000000017  0000000000000000  AX       0     0     4
  [13] .plt              PROGBITS         0000000000001020  00001020
       0000000000000020  0000000000000010  AX       0     0     16
  [14] .plt.got          PROGBITS         0000000000001040  00001040
       0000000000000008  0000000000000008  AX       0     0     8
  [15] .text             PROGBITS         0000000000001050  00001050
       0000000000000103  0000000000000000  AX       0     0     16
  [16] .fini             PROGBITS         0000000000001154  00001154
       0000000000000009  0000000000000000  AX       0     0     4
  [17] .rodata           PROGBITS         0000000000002000  00002000
       0000000000000012  0000000000000000   A       0     0     4
  [18] .eh_frame_hdr     PROGBITS         0000000000002014  00002014
       000000000000002c  0000000000000000   A       0     0     4
  [19] .eh_frame         PROGBITS         0000000000002040  00002040
       00000000000000ac  0000000000000000   A       0     0     8
  [20] .init_array       INIT_ARRAY       0000000000003dd0  00002dd0
       0000000000000008  0000000000000008  WA       0     0     8
  [21] .fini_array       FINI_ARRAY       0000000000003dd8  00002dd8
       0000000000000008  0000000000000008  WA       0     0     8
  [22] .dynamic          DYNAMIC          0000000000003de0  00002de0
       00000000000001e0  0000000000000010  WA       7     0     8
  [23] .got              PROGBITS         0000000000003fc0  00002fc0
       0000000000000028  0000000000000008  WA       0     0     8
  [24] .got.plt          PROGBITS         0000000000003fe8  00002fe8
       0000000000000020  0000000000000008  WA       0     0     8
  [25] .data             PROGBITS         0000000000004008  00003008
       0000000000000010  0000000000000000  WA       0     0     8
  [26] .bss              NOBITS           0000000000004018  00003018
       0000000000000008  0000000000000000  WA       0     0     1
  [27] .comment          PROGBITS         0000000000000000  00003018
       000000000000001f  0000000000000001  MS       0     0     1
  [28] .symtab           SYMTAB           0000000000000000  00003038
       0000000000000360  0000000000000018          29    18     8
  [29] .strtab           STRTAB           0000000000000000  00003398
       00000000000001da  0000000000000000           0     0     1
  [30] .shstrtab         STRTAB           0000000000000000  00003572
       000000000000011a  0000000000000000           0     0     1
Key to Flags:
  W (write), A (alloc), X (execute), M (merge), S (strings), I (info),
  L (link order), O (extra OS processing required), G (group), T (TLS),
  C (compressed), x (unknown), o (OS specific), E (exclude),
  D (mbind), l (large), p (processor specific)
